<?xml version="1.0" encoding="UTF-8"?>
<testng-results ignored="0" total="5" passed="5" failed="0" skipped="0">
  <reporter-output>
  </reporter-output>
  <suite started-at="2022-05-02T17:32:31Z" name="FreeCRMAppTest" finished-at="2022-05-02T17:34:17Z" duration-ms="105773">
    <groups>
    </groups>
    <test started-at="2022-05-02T17:32:31Z" name="Test" finished-at="2022-05-02T17:34:17Z" duration-ms="105773">
      <class name="com.PageObjectModel.testcases.HomePageTest">
        <test-method is-config="true" signature="setup()[pri:0, instance:com.PageObjectModel.testcases.HomePageTest@2b4bac49]" started-at="2022-05-02T17:32:35Z" name="setup" finished-at="2022-05-02T17:33:27Z" duration-ms="52769" status="PASS">
          <reporter-output>
          </reporter-output>
        </test-method> <!-- setup -->
        <test-method signature="verifyHomePagetitleTest()[pri:1, instance:com.PageObjectModel.testcases.HomePageTest@2b4bac49]" started-at="2022-05-02T17:33:27Z" name="verifyHomePagetitleTest" finished-at="2022-05-02T17:33:40Z" duration-ms="12534" status="PASS">
          <reporter-output>
          </reporter-output>
        </test-method> <!-- verifyHomePagetitleTest -->
        <test-method signature="VerifyUserNameTest()[pri:2, instance:com.PageObjectModel.testcases.HomePageTest@2b4bac49]" started-at="2022-05-02T17:33:57Z" name="VerifyUserNameTest" finished-at="2022-05-02T17:33:59Z" duration-ms="1729" status="PASS">
          <reporter-output>
          </reporter-output>
        </test-method> <!-- VerifyUserNameTest -->
        <test-method signature="clickonContactsPageTest()[pri:3, instance:com.PageObjectModel.testcases.HomePageTest@2b4bac49]" started-at="2022-05-02T17:34:16Z" name="clickonContactsPageTest" finished-at="2022-05-02T17:34:17Z" duration-ms="859" status="PASS">
          <reporter-output>
          </reporter-output>
        </test-method> <!-- clickonContactsPageTest -->
        <test-method is-config="true" signature="tearDown()[pri:0, instance:com.PageObjectModel.testcases.HomePageTest@2b4bac49]" started-at="2022-05-02T17:34:17Z" name="tearDown" finished-at="2022-05-02T17:34:17Z" duration-ms="0" status="PASS">
          <reporter-output>
          </reporter-output>
        </test-method> <!-- tearDown -->
      </class> <!-- com.PageObjectModel.testcases.HomePageTest -->
      <class name="com.PageObjectModel.testcases.LoginPageTest">
        <test-method is-config="true" signature="setup()[pri:0, instance:com.PageObjectModel.testcases.LoginPageTest@fd07cbb]" started-at="2022-05-02T17:33:40Z" name="setup" finished-at="2022-05-02T17:33:57Z" duration-ms="16751" status="PASS">
          <reporter-output>
          </reporter-output>
        </test-method> <!-- setup -->
        <test-method signature="loginPageTitleTest()[pri:1, instance:com.PageObjectModel.testcases.LoginPageTest@fd07cbb]" started-at="2022-05-02T17:33:57Z" name="loginPageTitleTest" finished-at="2022-05-02T17:33:57Z" duration-ms="30" status="PASS">
          <reporter-output>
          </reporter-output>
        </test-method> <!-- loginPageTitleTest -->
        <test-method signature="logintest()[pri:2, instance:com.PageObjectModel.testcases.LoginPageTest@fd07cbb]" started-at="2022-05-02T17:33:59Z" name="logintest" finished-at="2022-05-02T17:34:03Z" duration-ms="4787" status="PASS">
          <reporter-output>
          </reporter-output>
        </test-method> <!-- logintest -->
        <test-method is-config="true" signature="tearDown()[pri:0, instance:com.PageObjectModel.testcases.LoginPageTest@fd07cbb]" started-at="2022-05-02T17:34:03Z" name="tearDown" finished-at="2022-05-02T17:34:16Z" duration-ms="12642" status="PASS">
          <reporter-output>
          </reporter-output>
        </test-method> <!-- tearDown -->
      </class> <!-- com.PageObjectModel.testcases.LoginPageTest -->
    </test> <!-- Test -->
  </suite> <!-- FreeCRMAppTest -->
</testng-results>
