<?xml version="1.0" encoding="UTF-8"?>
<testng-results ignored="0" total="2" passed="2" failed="0" skipped="0">
  <reporter-output>
  </reporter-output>
  <suite started-at="2022-04-28T17:35:55Z" name="FreeCRMAppTest" finished-at="2022-04-28T17:36:14Z" duration-ms="19678">
    <groups>
    </groups>
    <test started-at="2022-04-28T17:35:55Z" name="Test" finished-at="2022-04-28T17:36:14Z" duration-ms="19678">
      <class name="com.PageObjectModel.testcases.LoginPageTest">
        <test-method is-config="true" signature="setup()[pri:0, instance:com.PageObjectModel.testcases.LoginPageTest@fa36558]" started-at="2022-04-28T17:35:56Z" name="setup" finished-at="2022-04-28T17:36:06Z" duration-ms="10641" status="PASS">
          <reporter-output>
          </reporter-output>
        </test-method> <!-- setup -->
        <test-method signature="loginPageTitleTest()[pri:1, instance:com.PageObjectModel.testcases.LoginPageTest@fa36558]" started-at="2022-04-28T17:36:06Z" name="loginPageTitleTest" finished-at="2022-04-28T17:36:06Z" duration-ms="129" status="PASS">
          <reporter-output>
          </reporter-output>
        </test-method> <!-- loginPageTitleTest -->
        <test-method signature="logintest()[pri:2, instance:com.PageObjectModel.testcases.LoginPageTest@fa36558]" started-at="2022-04-28T17:36:06Z" name="logintest" finished-at="2022-04-28T17:36:13Z" duration-ms="6735" status="PASS">
          <reporter-output>
          </reporter-output>
        </test-method> <!-- logintest -->
        <test-method is-config="true" signature="tearDown()[pri:0, instance:com.PageObjectModel.testcases.LoginPageTest@fa36558]" started-at="2022-04-28T17:36:13Z" name="tearDown" finished-at="2022-04-28T17:36:14Z" duration-ms="1072" status="PASS">
          <reporter-output>
          </reporter-output>
        </test-method> <!-- tearDown -->
      </class> <!-- com.PageObjectModel.testcases.LoginPageTest -->
    </test> <!-- Test -->
  </suite> <!-- FreeCRMAppTest -->
</testng-results>
