<?xml version="1.0" encoding="UTF-8"?>
<!-- Generated by org.testng.reporters.JUnitXMLReporter -->
<testsuite ignored="0" hostname="DESKTOP-KPHMMFU" failures="2" tests="2" name="Test" time="44.91" errors="0" timestamp="03 May 2022 10:47:25 GMT">
  <testcase classname="com.PageObjectModel.testcases.ContactsPageTest" name="verifycontactPagelabelTest" time="10.972">
    <failure type="java.lang.NullPointerException">
      <![CDATA[java.lang.NullPointerException
at com.PageObjectModel.testcases.ContactsPageTest.verifycontactPagelabelTest(ContactsPageTest.java:18)
... Removed 25 stack frames]]>
    </failure>
  </testcase> <!-- verifycontactPagelabelTest -->
  <testcase classname="com.PageObjectModel.testcases.ContactsPageTest" name="verifycontactPagelabelTest" time="11.662">
    <failure type="java.lang.NullPointerException">
      <![CDATA[java.lang.NullPointerException
at com.PageObjectModel.utilities.ExtentListener.onTestFailure(ExtentListener.java:43)
... Removed 22 stack frames]]>
    </failure>
  </testcase> <!-- verifycontactPagelabelTest -->
</testsuite> <!-- Test -->
