<?xml version="1.0" encoding="UTF-8"?>
<!-- Generated by org.testng.reporters.JUnitXMLReporter -->
<testsuite ignored="0" hostname="DESKTOP-KPHMMFU" failures="3" tests="7" name="Test" time="59.301" errors="0" timestamp="03 May 2022 10:59:33 GMT">
  <testcase classname="com.PageObjectModel.testcases.LoginPageTest" name="loginPageTitleTest" time="0.144"/>
  <testcase classname="com.PageObjectModel.testcases.HomePageTest" name="verifyHomePagetitleTest" time="4.064"/>
  <testcase classname="com.PageObjectModel.testcases.ContactsPageTest" name="verifycontactPagelabelTest" time="4.368">
    <failure type="java.lang.NullPointerException">
      <![CDATA[java.lang.NullPointerException
at com.PageObjectModel.testcases.ContactsPageTest.verifycontactPagelabelTest(ContactsPageTest.java:19)
... Removed 25 stack frames]]>
    </failure>
  </testcase> <!-- verifycontactPagelabelTest -->
  <testcase classname="com.PageObjectModel.testcases.LoginPageTest" name="logintest" time="1.156"/>
  <testcase classname="com.PageObjectModel.testcases.HomePageTest" name="VerifyUserNameTest" time="0.144"/>
  <testcase classname="com.PageObjectModel.testcases.ContactsPageTest" name="selectcheckboxNameTest" time="0.015">
    <failure type="java.lang.NullPointerException">
      <![CDATA[java.lang.NullPointerException
at com.PageObjectModel.testcases.ContactsPageTest.selectcheckboxNameTest(ContactsPageTest.java:25)
... Removed 25 stack frames]]>
    </failure>
  </testcase> <!-- selectcheckboxNameTest -->
  <testcase classname="com.PageObjectModel.testcases.ContactsPageTest" name="selectcheckboxNameTest" time="0.04">
    <failure type="org.openqa.selenium.NoSuchSessionException" message="Session ID is null. Using WebDriver after calling quit()?
Build info: version: &amp;apos;3.141.59&amp;apos;, revision: &amp;apos;e82be7d358&amp;apos;, time: &amp;apos;2018-11-14T08:17:03&amp;apos;
System info: host: &amp;apos;DESKTOP-KPHMMFU&amp;apos;, ip: &amp;apos;192.168.1.5&amp;apos;, os.name: &amp;apos;Windows 10&amp;apos;, os.arch: &amp;apos;amd64&amp;apos;, os.version: &amp;apos;10.0&amp;apos;, java.version: &amp;apos;11.0.14&amp;apos;
Driver info: driver.version: RemoteWebDriver">
      <![CDATA[org.openqa.selenium.NoSuchSessionException: Session ID is null. Using WebDriver after calling quit()?
Build info: version: '3.141.59', revision: 'e82be7d358', time: '2018-11-14T08:17:03'
System info: host: 'DESKTOP-KPHMMFU', ip: '192.168.1.5', os.name: 'Windows 10', os.arch: 'amd64', os.version: '10.0', java.version: '11.0.14'
Driver info: driver.version: RemoteWebDriver
at org.openqa.selenium.remote.HttpCommandExecutor.execute(HttpCommandExecutor.java:125)
at org.openqa.selenium.remote.service.DriverCommandExecutor.execute(DriverCommandExecutor.java:83)
at org.openqa.selenium.remote.RemoteWebDriver.execute(RemoteWebDriver.java:552)
at org.openqa.selenium.remote.RemoteWebDriver.execute(RemoteWebDriver.java:609)
at org.openqa.selenium.remote.RemoteWebDriver.getScreenshotAs(RemoteWebDriver.java:295)
at com.PageObjectModel.testcases.BaseClass.capturescreenshot(BaseClass.java:44)
at com.PageObjectModel.utilities.ExtentListener.onTestFailure(ExtentListener.java:41)
... Removed 22 stack frames]]>
    </failure>
  </testcase> <!-- selectcheckboxNameTest -->
</testsuite> <!-- Test -->
